2018-06-26 09:30:17 +0000  Initial pipeline context: <IDEDistributionProcessingPipelineContext: 0x7f84ee49fb70; archive(resolved)='<IDEArchive: 0x7f84eee2b130>', distributionTask(resolved)='2', distributionMethod(resolved)='<IDEDistributionMethodiOSEnterprise: 0x7f84f10b7330>', team(resolved)='<IDEProvisioningBasicTeam: 0x7f84f0f6a420; teamID='N2GGU49FK5', teamName='Guangzhou uBIM Construction Consulting Co. Ltd.'>'>
	Chain (11, self inclusive):
	<IDEDistributionProcessingPipelineContext: 0x7f84ee49fb70; archive = '<IDEArchive: 0x7f84eee2b130>', distributionMethod='<IDEDistributionMethodiOSEnterprise: 0x7f84f10b7330>', team='<IDEProvisioningBasicTeam: 0x7f84f0f6a420; teamID='N2GGU49FK5', teamName='Guangzhou uBIM Construction Consulting Co. Ltd.'>'>
	<IDEDistributionProcessingPipelineContext: 0x7f84eeebabf0; archive = '<IDEArchive: 0x7f84eee2b130>', distributionMethod='<IDEDistributionMethodiOSEnterprise: 0x7f84f10b7330>', team='<IDEProvisioningBasicTeam: 0x7f84f0f6a420; teamID='N2GGU49FK5', teamName='Guangzhou uBIM Construction Consulting Co. Ltd.'>'>
	<IDEDistributionContext: 0x7f84f1550760; archive = '<IDEArchive: 0x7f84eee2b130>', distributionMethod='<IDEDistributionMethodiOSEnterprise: 0x7f84f10b7330>', team='<IDEProvisioningBasicTeam: 0x7f84f0f6a420; teamID='N2GGU49FK5', teamName='Guangzhou uBIM Construction Consulting Co. Ltd.'>'>
	<IDEDistributionContext: 0x7f84f12c1ff0; archive = '<IDEArchive: 0x7f84eee2b130>', distributionMethod='<IDEDistributionMethodiOSEnterprise: 0x7f84f10b7330>', team='<IDEProvisioningBasicTeam: 0x7f84f0f6a420; teamID='N2GGU49FK5', teamName='Guangzhou uBIM Construction Consulting Co. Ltd.'>'>
	<IDEDistributionContext: 0x7f84eebeddb0; archive = '<IDEArchive: 0x7f84eee2b130>', distributionMethod='<IDEDistributionMethodiOSEnterprise: 0x7f84f10b7330>', team='<IDEProvisioningBasicTeam: 0x7f84f0f6a420; teamID='N2GGU49FK5', teamName='Guangzhou uBIM Construction Consulting Co. Ltd.'>'>
	<IDEDistributionContext: 0x7f84eea82670; archive = '<IDEArchive: 0x7f84eee2b130>', distributionMethod='<IDEDistributionMethodiOSEnterprise: 0x7f84f10b7330>', team='<IDEProvisioningBasicTeam: 0x7f84f0f6a420; teamID='N2GGU49FK5', teamName='Guangzhou uBIM Construction Consulting Co. Ltd.'>'>
	<IDEDistributionContext: 0x7f84edf07e30; archive = '<IDEArchive: 0x7f84eee2b130>', distributionMethod='<IDEDistributionMethodiOSEnterprise: 0x7f84f10b7330>', team='<IDEProvisioningBasicTeam: 0x7f84f0f6a420; teamID='N2GGU49FK5', teamName='Guangzhou uBIM Construction Consulting Co. Ltd.'>'>
	<IDEDistributionContext: 0x7f84f145aa60; archive = '<IDEArchive: 0x7f84eee2b130>', distributionMethod='<IDEDistributionMethodiOSEnterprise: 0x7f84f10b7330>', team='<IDEProvisioningBasicTeam: 0x7f84f0f6a420; teamID='N2GGU49FK5', teamName='Guangzhou uBIM Construction Consulting Co. Ltd.'>'>
	<IDEDistributionContext: 0x7f84ee39ee30; archive = '<IDEArchive: 0x7f84eee2b130>', distributionMethod='<IDEDistributionMethodiOSEnterprise: 0x7f84f10b7330>', team='<IDEProvisioningBasicTeam: 0x7f84f0f6a420; teamID='N2GGU49FK5', teamName='Guangzhou uBIM Construction Consulting Co. Ltd.'>'>
	<IDEDistributionContext: 0x7f84f1529850; archive = '<IDEArchive: 0x7f84eee2b130>', distributionMethod='<IDEDistributionMethodiOSEnterprise: 0x7f84f10b7330>', team='(null)'>
	<IDEDistributionContext: 0x7f84f0bf90d0; archive = '<IDEArchive: 0x7f84eee2b130>', distributionMethod='(null)', team='(null)'>
</IDEDistributionProcessingPipelineContext: 0x7f84ee49fb70>
2018-06-26 09:30:17 +0000  Processing step: IDEDistributionCreateDestRootStep
2018-06-26 09:30:17 +0000  Processing step: IDEDistributionCopyItemStep
2018-06-26 09:30:17 +0000  Running /usr/bin/ditto '-V' '/Users/taoyang/Library/Developer/Xcode/Archives/2018-06-26/sjcj 2018-6-26 下午4.42.xcarchive/Products/Applications/sjcj.app' '/var/folders/64/dqjx72c10dddmg67dzjfwhbw0000gn/T/XcodeDistPipeline.xfj/Root/Payload/sjcj.app'
2018-06-26 09:30:17 +0000  >>> Copying /Users/taoyang/Library/Developer/Xcode/Archives/2018-06-26/sjcj 2018-6-26 下午4.42.xcarchive/Products/Applications/sjcj.app 
2018-06-26 09:30:17 +0000  copying file ./_CodeSignature/CodeResources ... 
2018-06-26 09:30:17 +0000  23675 bytes for ./_CodeSignature/CodeResources
2018-06-26 09:30:17 +0000  copying file ./AppIcon20x20@2x.png ... 
2018-06-26 09:30:17 +0000  1782 bytes for ./AppIcon20x20@2x.png
copying file ./AppIcon57x57.png ... 
2018-06-26 09:30:17 +0000  1532 bytes for ./AppIcon57x57.png
2018-06-26 09:30:17 +0000  copying file ./DetailsTableViewCell.nib ... 
2018-06-26 09:30:17 +0000  3489 bytes for ./DetailsTableViewCell.nib
copying file ./ViewController1.nib ... 
2018-06-26 09:30:17 +0000  6626 bytes for ./ViewController1.nib
copying file ./AppIcon20x20@3x.png ... 
2018-06-26 09:30:17 +0000  1527 bytes for ./AppIcon20x20@3x.png
2018-06-26 09:30:17 +0000  copying file ./LICENSE ... 
2018-06-26 09:30:17 +0000  1510 bytes for ./LICENSE
copying file ./AppIcon29x29.png ... 
2018-06-26 09:30:17 +0000  1438 bytes for ./AppIcon29x29.png
2018-06-26 09:30:17 +0000  copying file ./AppIcon60x60@2x.png ... 
2018-06-26 09:30:17 +0000  1993 bytes for ./AppIcon60x60@2x.png
2018-06-26 09:30:17 +0000  copying file ./IQKeyboardManager.bundle/de.lproj/IQKeyboardManager.strings ... 
2018-06-26 09:30:17 +0000  489 bytes for ./IQKeyboardManager.bundle/de.lproj/IQKeyboardManager.strings
copying file ./IQKeyboardManager.bundle/zh-Hans/IQKeyboardManager.strings ... 
2018-06-26 09:30:17 +0000  479 bytes for ./IQKeyboardManager.bundle/zh-Hans/IQKeyboardManager.strings
copying file ./IQKeyboardManager.bundle/zh-Hant/IQKeyboardManager.strings ... 
2018-06-26 09:30:17 +0000  479 bytes for ./IQKeyboardManager.bundle/zh-Hant/IQKeyboardManager.strings
2018-06-26 09:30:17 +0000  copying file ./IQKeyboardManager.bundle/en.lproj/IQKeyboardManager.strings ... 
2018-06-26 09:30:17 +0000  474 bytes for ./IQKeyboardManager.bundle/en.lproj/IQKeyboardManager.strings
2018-06-26 09:30:17 +0000  copying file ./IQKeyboardManager.bundle/es.lproj/IQKeyboardManager.strings ... 
2018-06-26 09:30:17 +0000  496 bytes for ./IQKeyboardManager.bundle/es.lproj/IQKeyboardManager.strings
copying file ./IQKeyboardManager.bundle/IQButtonBarArrowRight@2x.png ... 
2018-06-26 09:30:17 +0000  1786 bytes for ./IQKeyboardManager.bundle/IQButtonBarArrowRight@2x.png
2018-06-26 09:30:17 +0000  copying file ./IQKeyboardManager.bundle/IQButtonBarArrowRight@3x.png ... 
2018-06-26 09:30:17 +0000  1844 bytes for ./IQKeyboardManager.bundle/IQButtonBarArrowRight@3x.png
copying file ./IQKeyboardManager.bundle/IQButtonBarArrowLeft.png ... 
2018-06-26 09:30:17 +0000  886 bytes for ./IQKeyboardManager.bundle/IQButtonBarArrowLeft.png
2018-06-26 09:30:17 +0000  copying file ./IQKeyboardManager.bundle/IQButtonBarArrowRight.png ... 
2018-06-26 09:30:17 +0000  943 bytes for ./IQKeyboardManager.bundle/IQButtonBarArrowRight.png
copying file ./IQKeyboardManager.bundle/IQButtonBarArrowLeft@3x.png ... 
2018-06-26 09:30:17 +0000  1815 bytes for ./IQKeyboardManager.bundle/IQButtonBarArrowLeft@3x.png
copying file ./IQKeyboardManager.bundle/fr.lproj/IQKeyboardManager.strings ... 
2018-06-26 09:30:17 +0000  497 bytes for ./IQKeyboardManager.bundle/fr.lproj/IQKeyboardManager.strings
2018-06-26 09:30:17 +0000  copying file ./IQKeyboardManager.bundle/IQButtonBarArrowLeft@2x.png ... 
2018-06-26 09:30:17 +0000  1793 bytes for ./IQKeyboardManager.bundle/IQButtonBarArrowLeft@2x.png
copying file ./AppIcon72x72@2x~ipad.png ... 
2018-06-26 09:30:17 +0000  2234 bytes for ./AppIcon72x72@2x~ipad.png
copying file ./AppIcon29x29@2x.png ... 
2018-06-26 09:30:17 +0000  1473 bytes for ./AppIcon29x29@2x.png
copying file ./sjcj ... 
2018-06-26 09:30:17 +0000  12738512 bytes for ./sjcj
copying file ./AppIcon40x40@3x.png ... 
2018-06-26 09:30:17 +0000  1993 bytes for ./AppIcon40x40@3x.png
copying file ./AppIcon57x57@2x.png ... 
2018-06-26 09:30:17 +0000  1986 bytes for ./AppIcon57x57@2x.png
2018-06-26 09:30:17 +0000  copying file ./AppIcon29x29~ipad.png ... 
2018-06-26 09:30:17 +0000  1438 bytes for ./AppIcon29x29~ipad.png
copying file ./AppIcon40x40@2x.png ... 
2018-06-26 09:30:17 +0000  1828 bytes for ./AppIcon40x40@2x.png
copying file ./AppIcon29x29@3x.png ... 
2018-06-26 09:30:17 +0000  1787 bytes for ./AppIcon29x29@3x.png
copying file ./AppIcon60x60@3x.png ... 
2018-06-26 09:30:17 +0000  2477 bytes for ./AppIcon60x60@3x.png
2018-06-26 09:30:17 +0000  copying file ./Base.lproj/Main.storyboardc/UIViewController-BYZ-38-t0r.nib ... 
2018-06-26 09:30:17 +0000  918 bytes for ./Base.lproj/Main.storyboardc/UIViewController-BYZ-38-t0r.nib
2018-06-26 09:30:17 +0000  copying file ./Base.lproj/Main.storyboardc/BYZ-38-t0r-view-8bC-Xf-vdC.nib ... 
2018-06-26 09:30:17 +0000  1793 bytes for ./Base.lproj/Main.storyboardc/BYZ-38-t0r-view-8bC-Xf-vdC.nib
copying file ./Base.lproj/Main.storyboardc/Info.plist ... 
2018-06-26 09:30:17 +0000  258 bytes for ./Base.lproj/Main.storyboardc/Info.plist
2018-06-26 09:30:17 +0000  copying file ./Base.lproj/LaunchScreen.storyboardc/01J-lp-oVM-view-Ze5-6b-2t3.nib ... 
2018-06-26 09:30:17 +0000  3472 bytes for ./Base.lproj/LaunchScreen.storyboardc/01J-lp-oVM-view-Ze5-6b-2t3.nib
copying file ./Base.lproj/LaunchScreen.storyboardc/UIViewController-01J-lp-oVM.nib ... 
2018-06-26 09:30:17 +0000  832 bytes for ./Base.lproj/LaunchScreen.storyboardc/UIViewController-01J-lp-oVM.nib
copying file ./Base.lproj/LaunchScreen.storyboardc/Info.plist ... 
2018-06-26 09:30:17 +0000  258 bytes for ./Base.lproj/LaunchScreen.storyboardc/Info.plist
2018-06-26 09:30:17 +0000  copying file ./README.md ... 
2018-06-26 09:30:17 +0000  10021 bytes for ./README.md
copying file ./TVTableViewCell.nib ... 
2018-06-26 09:30:17 +0000  3335 bytes for ./TVTableViewCell.nib
copying file ./Assets.car ... 
2018-06-26 09:30:17 +0000  309304 bytes for ./Assets.car
2018-06-26 09:30:17 +0000  copying file ./AppIcon40x40@2x~ipad.png ... 
2018-06-26 09:30:17 +0000  1828 bytes for ./AppIcon40x40@2x~ipad.png
copying file ./AppIcon76x76@2x~ipad.png ... 
2018-06-26 09:30:17 +0000  2355 bytes for ./AppIcon76x76@2x~ipad.png
copying file ./HeroCollectionViewCell.nib ... 
2018-06-26 09:30:17 +0000  4403 bytes for ./HeroCollectionViewCell.nib
2018-06-26 09:30:17 +0000  copying file ./AppIcon72x72~ipad.png ... 
2018-06-26 09:30:17 +0000  1683 bytes for ./AppIcon72x72~ipad.png
copying file ./AppIcon83.5x83.5@2x~ipad.png ... 
2018-06-26 09:30:17 +0000  2455 bytes for ./AppIcon83.5x83.5@2x~ipad.png
copying file ./AppIcon50x50~ipad.png ... 
2018-06-26 09:30:17 +0000  2155 bytes for ./AppIcon50x50~ipad.png
copying file ./AppIcon29x29@2x~ipad.png ... 
2018-06-26 09:30:17 +0000  1473 bytes for ./AppIcon29x29@2x~ipad.png
2018-06-26 09:30:17 +0000  copying file ./AppIcon50x50@2x~ipad.png ... 
2018-06-26 09:30:17 +0000  1992 bytes for ./AppIcon50x50@2x~ipad.png
copying file ./AppIcon40x40~ipad.png ... 
2018-06-26 09:30:17 +0000  1782 bytes for ./AppIcon40x40~ipad.png
copying file ./AppIcon20x20~ipad.png ... 
2018-06-26 09:30:17 +0000  1019 bytes for ./AppIcon20x20~ipad.png
2018-06-26 09:30:17 +0000  copying file ./embedded.mobileprovision ... 
2018-06-26 09:30:17 +0000  9634 bytes for ./embedded.mobileprovision
2018-06-26 09:30:17 +0000  copying file ./SVProgressHUD.bundle/info.png ... 
2018-06-26 09:30:17 +0000  365 bytes for ./SVProgressHUD.bundle/info.png
copying file ./SVProgressHUD.bundle/error@3x.png ... 
2018-06-26 09:30:17 +0000  398 bytes for ./SVProgressHUD.bundle/error@3x.png
copying file ./SVProgressHUD.bundle/angle-mask@3x.png ... 
2018-06-26 09:30:17 +0000  8319 bytes for ./SVProgressHUD.bundle/angle-mask@3x.png
copying file ./SVProgressHUD.bundle/angle-mask@2x.png ... 
2018-06-26 09:30:17 +0000  4893 bytes for ./SVProgressHUD.bundle/angle-mask@2x.png
2018-06-26 09:30:17 +0000  copying file ./SVProgressHUD.bundle/error@2x.png ... 
2018-06-26 09:30:17 +0000  306 bytes for ./SVProgressHUD.bundle/error@2x.png
copying file ./SVProgressHUD.bundle/info@3x.png ... 
2018-06-26 09:30:17 +0000  1200 bytes for ./SVProgressHUD.bundle/info@3x.png
2018-06-26 09:30:17 +0000  copying file ./SVProgressHUD.bundle/success@2x.png ... 
2018-06-26 09:30:17 +0000  462 bytes for ./SVProgressHUD.bundle/success@2x.png
copying file ./SVProgressHUD.bundle/success@3x.png ... 
2018-06-26 09:30:17 +0000  714 bytes for ./SVProgressHUD.bundle/success@3x.png
copying file ./SVProgressHUD.bundle/info@2x.png ... 
2018-06-26 09:30:17 +0000  816 bytes for ./SVProgressHUD.bundle/info@2x.png
copying file ./SVProgressHUD.bundle/error.png ... 
2018-06-26 09:30:17 +0000  184 bytes for ./SVProgressHUD.bundle/error.png
copying file ./SVProgressHUD.bundle/success.png ... 
2018-06-26 09:30:17 +0000  262 bytes for ./SVProgressHUD.bundle/success.png
2018-06-26 09:30:17 +0000  copying file ./SVProgressHUD.bundle/angle-mask.png ... 
2018-06-26 09:30:17 +0000  1845 bytes for ./SVProgressHUD.bundle/angle-mask.png
2018-06-26 09:30:17 +0000  copying file ./AppIcon20x20@2x~ipad.png ... 
2018-06-26 09:30:17 +0000  1782 bytes for ./AppIcon20x20@2x~ipad.png
2018-06-26 09:30:17 +0000  copying file ./Info.plist ... 
2018-06-26 09:30:17 +0000  1693 bytes for ./Info.plist
copying file ./BombBoxTableViewCell.nib ... 
2018-06-26 09:30:17 +0000  3428 bytes for ./BombBoxTableViewCell.nib
copying file ./PkgInfo ... 
2018-06-26 09:30:17 +0000  8 bytes for ./PkgInfo
2018-06-26 09:30:17 +0000  copying file ./LevelCell.nib ... 
2018-06-26 09:30:17 +0000  2760 bytes for ./LevelCell.nib
copying file ./AppIcon76x76~ipad.png ... 
2018-06-26 09:30:17 +0000  1741 bytes for ./AppIcon76x76~ipad.png
2018-06-26 09:30:17 +0000  copying file ./DataTableViewCell.nib ... 
2018-06-26 09:30:17 +0000  4095 bytes for ./DataTableViewCell.nib
2018-06-26 09:30:17 +0000  2018-06-26 09:30:17 +0000  

2018-06-26 09:30:17 +0000  /usr/bin/ditto exited with 02018-06-26 09:30:17 +0000  

2018-06-26 09:30:17 +0000  2018-06-26 09:30:17 +0000  Processing step: IDEDistributionEmbedProfileStep

2018-06-26 09:30:17 +0000  Processing step: IDEDistributionAppThinningPlistStep
2018-06-26 09:30:17 +0000  Skipping step: IDEDistributionAppThinningPlistStep because it said so
2018-06-26 09:30:17 +0000  Processing step: IDEDistributionCompileBitcodeStep
2018-06-26 09:30:17 +0000  Skipping step: IDEDistributionCompileBitcodeStep because it said so
2018-06-26 09:30:17 +0000  Processing step: IDEDistributionCodeSlimmingStep
2018-06-26 09:30:17 +0000  Processing step: IDEDistributionCopyBCSymbolMapsStep
2018-06-26 09:30:17 +0000  Skipping step: IDEDistributionCopyBCSymbolMapsStep because it said so
2018-06-26 09:30:17 +0000  Processing step: IDEDistributionSymbolsStep
2018-06-26 09:30:17 +0000  Skipping step: IDEDistributionSymbolsStep because it said so
2018-06-26 09:30:17 +0000  Processing step: IDEDistributionAppThinningStep
2018-06-26 09:30:17 +0000  Skipping step: IDEDistributionAppThinningStep because it said so
2018-06-26 09:30:17 +0000  Processing step: IDEDistributionODRStep
2018-06-26 09:30:17 +0000  Processing step: IDEDistributionStripXattrsStep
2018-06-26 09:30:17 +0000  Running /usr/bin/xattr '-crs' '/var/folders/64/dqjx72c10dddmg67dzjfwhbw0000gn/T/XcodeDistPipeline.xfj/Root/Payload/sjcj.app'
2018-06-26 09:30:17 +0000  
2018-06-26 09:30:17 +0000  2018-06-26 09:30:17 +0000  /usr/bin/xattr exited with 0

2018-06-26 09:30:17 +0000  
2018-06-26 09:30:17 +0000  Processing step: IDEDistributionCodesignStep
2018-06-26 09:30:17 +0000  Entitlements for <IDEDistributionItem: 0x7f84f0c85b60 'com.ubim.newsjcj' '<DVTFilePath:0x7f84ee8578d0:'/Users/taoyang/Library/Developer/Xcode/Archives/2018-06-26/sjcj 2018-6-26 下午4.42.xcarchive/Products/Applications/sjcj.app'>'>: {
    "application-identifier" = "N2GGU49FK5.com.ubim.newsjcj";
    "com.apple.developer.team-identifier" = N2GGU49FK5;
    "get-task-allow" = 0;
    "keychain-access-groups" =     (
        "N2GGU49FK5.com.ubim.newsjcj"
    );
}
2018-06-26 09:30:17 +0000  Writing entitlements for <IDEDistributionItem: 0x7f84f0c85b60 'com.ubim.newsjcj' '<DVTFilePath:0x7f84ee8578d0:'/Users/taoyang/Library/Developer/Xcode/Archives/2018-06-26/sjcj 2018-6-26 下午4.42.xcarchive/Products/Applications/sjcj.app'>'> to: /var/folders/64/dqjx72c10dddmg67dzjfwhbw0000gn/T/XcodeDistPipeline.xfj/entitlementssfppkh
2018-06-26 09:30:17 +0000  Running /usr/bin/codesign '-vvv' '--force' '--sign' '60911F08377DBDDFCE3910F0B6F880309D842704' '--preserve-metadata=identifier,flags' '--entitlements' '/var/folders/64/dqjx72c10dddmg67dzjfwhbw0000gn/T/XcodeDistPipeline.xfj/entitlementssfppkh' '/var/folders/64/dqjx72c10dddmg67dzjfwhbw0000gn/T/XcodeDistPipeline.xfj/Root/Payload/sjcj.app'
2018-06-26 09:30:17 +0000  /var/folders/64/dqjx72c10dddmg67dzjfwhbw0000gn/T/XcodeDistPipeline.xfj/Root/Payload/sjcj.app: signed app bundle with Mach-O universal (armv7 arm64) [com.ubim.newsjcj]
2018-06-26 09:30:17 +0000  2018-06-26 09:30:17 +0000  

2018-06-26 09:30:17 +0000  2018-06-26 09:30:17 +0000  

2018-06-26 09:30:17 +0000  2018-06-26 09:30:17 +0000  /usr/bin/codesign exited with 0

2018-06-26 09:30:17 +0000  
2018-06-26 09:30:17 +0000  Processing step: IDEDistributionStreamingZipItemStep
2018-06-26 09:30:17 +0000  Skipping step: IDEDistributionStreamingZipItemStep because it said so
2018-06-26 09:30:17 +0000  Processing step: IDEDistributionCreateIPAStep
2018-06-26 09:30:17 +0000  Running /usr/bin/ditto '-V' '-c' '-k' '--norsrc' '/var/folders/64/dqjx72c10dddmg67dzjfwhbw0000gn/T/XcodeDistPipeline.xfj/Root' '/var/folders/64/dqjx72c10dddmg67dzjfwhbw0000gn/T/XcodeDistPipeline.xfj/Packages/sjcj.ipa'
2018-06-26 09:30:17 +0000  >>> Copying /var/folders/64/dqjx72c10dddmg67dzjfwhbw0000gn/T/XcodeDistPipeline.xfj/Root 
2018-06-26 09:30:17 +0000  copying file ./Payload/sjcj.app/_CodeSignature/CodeResources ... 
2018-06-26 09:30:17 +0000  23675 bytes for ./Payload/sjcj.app/_CodeSignature/CodeResources
2018-06-26 09:30:17 +0000  copying file ./Payload/sjcj.app/AppIcon20x20@2x.png ... 
2018-06-26 09:30:17 +0000  1782 bytes for ./Payload/sjcj.app/AppIcon20x20@2x.png
copying file ./Payload/sjcj.app/AppIcon57x57.png ... 
2018-06-26 09:30:17 +0000  1532 bytes for ./Payload/sjcj.app/AppIcon57x57.png
2018-06-26 09:30:17 +0000  copying file ./Payload/sjcj.app/DetailsTableViewCell.nib ... 
2018-06-26 09:30:17 +0000  3489 bytes for ./Payload/sjcj.app/DetailsTableViewCell.nib
copying file ./Payload/sjcj.app/ViewController1.nib ... 
2018-06-26 09:30:17 +0000  6626 bytes for ./Payload/sjcj.app/ViewController1.nib
2018-06-26 09:30:17 +0000  copying file ./Payload/sjcj.app/AppIcon20x20@3x.png ... 
1527 bytes for ./Payload/sjcj.app/AppIcon20x20@3x.png
copying file ./Payload/sjcj.app/LICENSE ... 
2018-06-26 09:30:17 +0000  1510 bytes for ./Payload/sjcj.app/LICENSE
copying file ./Payload/sjcj.app/AppIcon29x29.png ... 
2018-06-26 09:30:17 +0000  1438 bytes for ./Payload/sjcj.app/AppIcon29x29.png
copying file ./Payload/sjcj.app/AppIcon60x60@2x.png ... 
2018-06-26 09:30:17 +0000  1993 bytes for ./Payload/sjcj.app/AppIcon60x60@2x.png
copying file ./Payload/sjcj.app/IQKeyboardManager.bundle/de.lproj/IQKeyboardManager.strings ... 
2018-06-26 09:30:17 +0000  489 bytes for ./Payload/sjcj.app/IQKeyboardManager.bundle/de.lproj/IQKeyboardManager.strings
copying file ./Payload/sjcj.app/IQKeyboardManager.bundle/zh-Hans/IQKeyboardManager.strings ... 
2018-06-26 09:30:17 +0000  479 bytes for ./Payload/sjcj.app/IQKeyboardManager.bundle/zh-Hans/IQKeyboardManager.strings
copying file ./Payload/sjcj.app/IQKeyboardManager.bundle/zh-Hant/IQKeyboardManager.strings ... 
2018-06-26 09:30:17 +0000  479 bytes for ./Payload/sjcj.app/IQKeyboardManager.bundle/zh-Hant/IQKeyboardManager.strings
copying file ./Payload/sjcj.app/IQKeyboardManager.bundle/en.lproj/IQKeyboardManager.strings ... 
474 bytes for ./Payload/sjcj.app/IQKeyboardManager.bundle/en.lproj/IQKeyboardManager.strings
2018-06-26 09:30:18 +0000  copying file ./Payload/sjcj.app/IQKeyboardManager.bundle/es.lproj/IQKeyboardManager.strings ... 
496 bytes for ./Payload/sjcj.app/IQKeyboardManager.bundle/es.lproj/IQKeyboardManager.strings
copying file ./Payload/sjcj.app/IQKeyboardManager.bundle/IQButtonBarArrowRight@2x.png ... 
2018-06-26 09:30:18 +0000  1786 bytes for ./Payload/sjcj.app/IQKeyboardManager.bundle/IQButtonBarArrowRight@2x.png
copying file ./Payload/sjcj.app/IQKeyboardManager.bundle/IQButtonBarArrowRight@3x.png ... 
2018-06-26 09:30:18 +0000  1844 bytes for ./Payload/sjcj.app/IQKeyboardManager.bundle/IQButtonBarArrowRight@3x.png
copying file ./Payload/sjcj.app/IQKeyboardManager.bundle/IQButtonBarArrowLeft.png ... 
2018-06-26 09:30:18 +0000  886 bytes for ./Payload/sjcj.app/IQKeyboardManager.bundle/IQButtonBarArrowLeft.png
copying file ./Payload/sjcj.app/IQKeyboardManager.bundle/IQButtonBarArrowRight.png ... 
943 bytes for ./Payload/sjcj.app/IQKeyboardManager.bundle/IQButtonBarArrowRight.png
copying file ./Payload/sjcj.app/IQKeyboardManager.bundle/IQButtonBarArrowLeft@3x.png ... 
2018-06-26 09:30:18 +0000  1815 bytes for ./Payload/sjcj.app/IQKeyboardManager.bundle/IQButtonBarArrowLeft@3x.png
copying file ./Payload/sjcj.app/IQKeyboardManager.bundle/fr.lproj/IQKeyboardManager.strings ... 
2018-06-26 09:30:18 +0000  497 bytes for ./Payload/sjcj.app/IQKeyboardManager.bundle/fr.lproj/IQKeyboardManager.strings
copying file ./Payload/sjcj.app/IQKeyboardManager.bundle/IQButtonBarArrowLeft@2x.png ... 
1793 bytes for ./Payload/sjcj.app/IQKeyboardManager.bundle/IQButtonBarArrowLeft@2x.png
copying file ./Payload/sjcj.app/AppIcon72x72@2x~ipad.png ... 
2018-06-26 09:30:18 +0000  2234 bytes for ./Payload/sjcj.app/AppIcon72x72@2x~ipad.png
copying file ./Payload/sjcj.app/AppIcon29x29@2x.png ... 
2018-06-26 09:30:18 +0000  1473 bytes for ./Payload/sjcj.app/AppIcon29x29@2x.png
copying file ./Payload/sjcj.app/sjcj ... 
2018-06-26 09:30:18 +0000  1922832 bytes for ./Payload/sjcj.app/sjcj
copying file ./Payload/sjcj.app/AppIcon40x40@3x.png ... 
2018-06-26 09:30:18 +0000  1993 bytes for ./Payload/sjcj.app/AppIcon40x40@3x.png
copying file ./Payload/sjcj.app/AppIcon57x57@2x.png ... 
1986 bytes for ./Payload/sjcj.app/AppIcon57x57@2x.png
copying file ./Payload/sjcj.app/AppIcon29x29~ipad.png ... 
1438 bytes for ./Payload/sjcj.app/AppIcon29x29~ipad.png
copying file ./Payload/sjcj.app/AppIcon40x40@2x.png ... 
1828 bytes for ./Payload/sjcj.app/AppIcon40x40@2x.png
copying file ./Payload/sjcj.app/AppIcon29x29@3x.png ... 
1787 bytes for ./Payload/sjcj.app/AppIcon29x29@3x.png
copying file ./Payload/sjcj.app/AppIcon60x60@3x.png ... 
2477 bytes for ./Payload/sjcj.app/AppIcon60x60@3x.png
copying file ./Payload/sjcj.app/Base.lproj/Main.storyboardc/UIViewController-BYZ-38-t0r.nib ... 
918 bytes for ./Payload/sjcj.app/Base.lproj/Main.storyboardc/UIViewController-BYZ-38-t0r.nib
copying file ./Payload/sjcj.app/Base.lproj/Main.storyboardc/BYZ-38-t0r-view-8bC-Xf-vdC.nib ... 
1793 bytes for ./Payload/sjcj.app/Base.lproj/Main.storyboardc/BYZ-38-t0r-view-8bC-Xf-vdC.nib
copying file ./Payload/sjcj.app/Base.lproj/Main.storyboardc/Info.plist ... 
2018-06-26 09:30:18 +0000  258 bytes for ./Payload/sjcj.app/Base.lproj/Main.storyboardc/Info.plist
copying file ./Payload/sjcj.app/Base.lproj/LaunchScreen.storyboardc/01J-lp-oVM-view-Ze5-6b-2t3.nib ... 
2018-06-26 09:30:18 +0000  3472 bytes for ./Payload/sjcj.app/Base.lproj/LaunchScreen.storyboardc/01J-lp-oVM-view-Ze5-6b-2t3.nib
copying file ./Payload/sjcj.app/Base.lproj/LaunchScreen.storyboardc/UIViewController-01J-lp-oVM.nib ... 
2018-06-26 09:30:18 +0000  832 bytes for ./Payload/sjcj.app/Base.lproj/LaunchScreen.storyboardc/UIViewController-01J-lp-oVM.nib
copying file ./Payload/sjcj.app/Base.lproj/LaunchScreen.storyboardc/Info.plist ... 
258 bytes for ./Payload/sjcj.app/Base.lproj/LaunchScreen.storyboardc/Info.plist
copying file ./Payload/sjcj.app/README.md ... 
2018-06-26 09:30:18 +0000  10021 bytes for ./Payload/sjcj.app/README.md
2018-06-26 09:30:18 +0000  copying file ./Payload/sjcj.app/TVTableViewCell.nib ... 
2018-06-26 09:30:18 +0000  3335 bytes for ./Payload/sjcj.app/TVTableViewCell.nib
copying file ./Payload/sjcj.app/Assets.car ... 
2018-06-26 09:30:18 +0000  309304 bytes for ./Payload/sjcj.app/Assets.car
copying file ./Payload/sjcj.app/AppIcon40x40@2x~ipad.png ... 
2018-06-26 09:30:18 +0000  1828 bytes for ./Payload/sjcj.app/AppIcon40x40@2x~ipad.png
copying file ./Payload/sjcj.app/AppIcon76x76@2x~ipad.png ... 
2018-06-26 09:30:18 +0000  2355 bytes for ./Payload/sjcj.app/AppIcon76x76@2x~ipad.png
copying file ./Payload/sjcj.app/HeroCollectionViewCell.nib ... 
2018-06-26 09:30:18 +0000  4403 bytes for ./Payload/sjcj.app/HeroCollectionViewCell.nib
copying file ./Payload/sjcj.app/AppIcon72x72~ipad.png ... 
2018-06-26 09:30:18 +0000  1683 bytes for ./Payload/sjcj.app/AppIcon72x72~ipad.png
copying file ./Payload/sjcj.app/AppIcon83.5x83.5@2x~ipad.png ... 
2018-06-26 09:30:18 +0000  2455 bytes for ./Payload/sjcj.app/AppIcon83.5x83.5@2x~ipad.png
copying file ./Payload/sjcj.app/AppIcon50x50~ipad.png ... 
2018-06-26 09:30:18 +0000  2155 bytes for ./Payload/sjcj.app/AppIcon50x50~ipad.png
copying file ./Payload/sjcj.app/AppIcon29x29@2x~ipad.png ... 
1473 bytes for ./Payload/sjcj.app/AppIcon29x29@2x~ipad.png
copying file ./Payload/sjcj.app/AppIcon50x50@2x~ipad.png ... 
2018-06-26 09:30:18 +0000  1992 bytes for ./Payload/sjcj.app/AppIcon50x50@2x~ipad.png
copying file ./Payload/sjcj.app/AppIcon40x40~ipad.png ... 
2018-06-26 09:30:18 +0000  1782 bytes for ./Payload/sjcj.app/AppIcon40x40~ipad.png
copying file ./Payload/sjcj.app/AppIcon20x20~ipad.png ... 
1019 bytes for ./Payload/sjcj.app/AppIcon20x20~ipad.png
2018-06-26 09:30:18 +0000  copying file ./Payload/sjcj.app/embedded.mobileprovision ... 
2018-06-26 09:30:18 +0000  7623 bytes for ./Payload/sjcj.app/embedded.mobileprovision
copying file ./Payload/sjcj.app/SVProgressHUD.bundle/info.png ... 
365 bytes for ./Payload/sjcj.app/SVProgressHUD.bundle/info.png
copying file ./Payload/sjcj.app/SVProgressHUD.bundle/error@3x.png ... 
2018-06-26 09:30:18 +0000  398 bytes for ./Payload/sjcj.app/SVProgressHUD.bundle/error@3x.png
copying file ./Payload/sjcj.app/SVProgressHUD.bundle/angle-mask@3x.png ... 
2018-06-26 09:30:18 +0000  8319 bytes for ./Payload/sjcj.app/SVProgressHUD.bundle/angle-mask@3x.png
copying file ./Payload/sjcj.app/SVProgressHUD.bundle/angle-mask@2x.png ... 
2018-06-26 09:30:18 +0000  4893 bytes for ./Payload/sjcj.app/SVProgressHUD.bundle/angle-mask@2x.png
copying file ./Payload/sjcj.app/SVProgressHUD.bundle/error@2x.png ... 
2018-06-26 09:30:18 +0000  306 bytes for ./Payload/sjcj.app/SVProgressHUD.bundle/error@2x.png
copying file ./Payload/sjcj.app/SVProgressHUD.bundle/info@3x.png ... 
1200 bytes for ./Payload/sjcj.app/SVProgressHUD.bundle/info@3x.png
copying file ./Payload/sjcj.app/SVProgressHUD.bundle/success@2x.png ... 
2018-06-26 09:30:18 +0000  462 bytes for ./Payload/sjcj.app/SVProgressHUD.bundle/success@2x.png
copying file ./Payload/sjcj.app/SVProgressHUD.bundle/success@3x.png ... 
2018-06-26 09:30:18 +0000  714 bytes for ./Payload/sjcj.app/SVProgressHUD.bundle/success@3x.png
copying file ./Payload/sjcj.app/SVProgressHUD.bundle/info@2x.png ... 
816 bytes for ./Payload/sjcj.app/SVProgressHUD.bundle/info@2x.png
copying file ./Payload/sjcj.app/SVProgressHUD.bundle/error.png ... 
2018-06-26 09:30:18 +0000  184 bytes for ./Payload/sjcj.app/SVProgressHUD.bundle/error.png
copying file ./Payload/sjcj.app/SVProgressHUD.bundle/success.png ... 
262 bytes for ./Payload/sjcj.app/SVProgressHUD.bundle/success.png
copying file ./Payload/sjcj.app/SVProgressHUD.bundle/angle-mask.png ... 
2018-06-26 09:30:18 +0000  1845 bytes for ./Payload/sjcj.app/SVProgressHUD.bundle/angle-mask.png
copying file ./Payload/sjcj.app/AppIcon20x20@2x~ipad.png ... 
2018-06-26 09:30:18 +0000  1782 bytes for ./Payload/sjcj.app/AppIcon20x20@2x~ipad.png
copying file ./Payload/sjcj.app/Info.plist ... 
2018-06-26 09:30:18 +0000  1693 bytes for ./Payload/sjcj.app/Info.plist
copying file ./Payload/sjcj.app/BombBoxTableViewCell.nib ... 
2018-06-26 09:30:18 +0000  3428 bytes for ./Payload/sjcj.app/BombBoxTableViewCell.nib
copying file ./Payload/sjcj.app/PkgInfo ... 
8 bytes for ./Payload/sjcj.app/PkgInfo
copying file ./Payload/sjcj.app/LevelCell.nib ... 
2018-06-26 09:30:18 +0000  2760 bytes for ./Payload/sjcj.app/LevelCell.nib
copying file ./Payload/sjcj.app/AppIcon76x76~ipad.png ... 
2018-06-26 09:30:18 +0000  1741 bytes for ./Payload/sjcj.app/AppIcon76x76~ipad.png
copying file ./Payload/sjcj.app/DataTableViewCell.nib ... 
2018-06-26 09:30:18 +0000  4095 bytes for ./Payload/sjcj.app/DataTableViewCell.nib
2018-06-26 09:30:18 +0000  
2018-06-26 09:30:18 +0000  2018-06-26 09:30:18 +0000  /usr/bin/ditto exited with 0

2018-06-26 09:30:18 +0000  
2018-06-26 09:30:18 +0000  
2018-06-26 09:30:18 +0000  Processing step: IDEDistributionCreateManifestStep
